TN:
SF:src/services/slices/authSlice.ts
FN:33,(anonymous_13)
FN:33,(anonymous_14)
FN:38,(anonymous_16)
FN:48,(anonymous_19)
FN:58,(anonymous_22)
FN:62,(anonymous_23)
FN:64,(anonymous_24)
FN:70,(anonymous_25)
FN:75,(anonymous_26)
FN:82,(anonymous_27)
FN:87,(anonymous_28)
FN:92,(anonymous_29)
FN:99,(anonymous_30)
FN:111,(anonymous_31)
FN:113,(anonymous_32)
FN:115,(anonymous_33)
FNF:16
FNH:5
FNDA:0,(anonymous_13)
FNDA:0,(anonymous_14)
FNDA:0,(anonymous_16)
FNDA:0,(anonymous_19)
FNDA:1,(anonymous_22)
FNDA:1,(anonymous_23)
FNDA:1,(anonymous_24)
FNDA:1,(anonymous_25)
FNDA:0,(anonymous_26)
FNDA:0,(anonymous_27)
FNDA:0,(anonymous_28)
FNDA:0,(anonymous_29)
FNDA:1,(anonymous_30)
FNDA:0,(anonymous_31)
FNDA:0,(anonymous_32)
FNDA:0,(anonymous_33)
DA:1,1
DA:2,1
DA:9,1
DA:22,1
DA:31,1
DA:33,0
DA:36,1
DA:38,0
DA:39,0
DA:40,0
DA:41,0
DA:42,0
DA:44,0
DA:48,1
DA:49,0
DA:50,0
DA:51,0
DA:54,1
DA:59,1
DA:63,1
DA:65,1
DA:66,1
DA:67,1
DA:68,1
DA:71,1
DA:72,1
DA:73,1
DA:76,0
DA:77,0
DA:78,0
DA:79,0
DA:80,0
DA:83,0
DA:84,0
DA:85,0
DA:88,0
DA:89,0
DA:90,0
DA:93,0
DA:94,0
DA:95,0
DA:96,0
DA:97,0
DA:100,1
DA:101,1
DA:102,1
DA:103,1
DA:104,1
DA:105,1
DA:110,1
DA:111,1
DA:113,1
DA:115,1
DA:116,1
LF:54
LH:28
BRDA:33,0,0,0
BRDA:33,0,1,0
BRDA:39,1,0,0
BRDA:40,2,0,0
BRDA:49,3,0,0
BRF:5
BRH:0
end_of_record
TN:
SF:src/services/slices/burgerCreationSlice.ts
FN:34,(anonymous_15)
FN:34,(anonymous_16)
FN:37,(anonymous_18)
FN:52,(anonymous_19)
FN:59,(anonymous_20)
FN:63,(anonymous_21)
FN:65,(anonymous_22)
FN:68,(anonymous_23)
FN:71,(anonymous_24)
FN:74,(anonymous_25)
FN:77,(anonymous_26)
FN:81,(anonymous_27)
FN:83,(anonymous_28)
FN:88,(anonymous_29)
FN:93,(anonymous_30)
FN:115,(anonymous_31)
FNF:16
FNH:5
FNDA:0,(anonymous_15)
FNDA:0,(anonymous_16)
FNDA:0,(anonymous_18)
FNDA:2,(anonymous_19)
FNDA:2,(anonymous_20)
FNDA:1,(anonymous_21)
FNDA:1,(anonymous_22)
FNDA:0,(anonymous_23)
FNDA:0,(anonymous_24)
FNDA:0,(anonymous_25)
FNDA:0,(anonymous_26)
FNDA:1,(anonymous_27)
FNDA:0,(anonymous_28)
FNDA:0,(anonymous_29)
FNDA:0,(anonymous_30)
FNDA:0,(anonymous_31)
DA:1,1
DA:2,1
DA:21,1
DA:32,1
DA:34,0
DA:37,1
DA:42,0
DA:43,0
DA:44,0
DA:47,1
DA:53,2
DA:54,1
DA:56,1
DA:59,2
DA:64,1
DA:65,1
DA:69,0
DA:72,0
DA:75,0
DA:78,0
DA:82,1
DA:84,0
DA:85,0
DA:86,0
DA:89,0
DA:90,0
DA:91,0
DA:94,0
DA:95,0
DA:96,0
DA:97,0
DA:98,0
DA:107,1
DA:115,1
DA:117,0
DA:119,1
LF:36
LH:16
BRDA:42,0,0,0
BRDA:42,1,0,0
BRDA:42,1,1,0
BRDA:53,2,0,1
BRDA:53,2,1,1
BRDA:86,3,0,0
BRDA:86,3,1,0
BRDA:86,4,0,0
BRDA:86,4,1,0
BRF:9
BRH:2
end_of_record
TN:
SF:src/services/slices/currentOrdersSlice.ts
FN:30,(anonymous_0)
FN:32,(anonymous_1)
FN:36,(anonymous_2)
FN:40,(anonymous_3)
FN:50,(anonymous_4)
FNF:5
FNH:3
FNDA:1,(anonymous_0)
FNDA:0,(anonymous_1)
FNDA:1,(anonymous_2)
FNDA:1,(anonymous_3)
FNDA:0,(anonymous_4)
DA:1,1
DA:2,1
DA:13,1
DA:21,1
DA:26,1
DA:31,1
DA:33,0
DA:34,0
DA:37,1
DA:38,1
DA:41,1
DA:42,1
DA:43,1
DA:44,1
DA:45,1
DA:50,1
DA:52,0
DA:54,1
LF:18
LH:15
BRDA:34,0,0,0
BRDA:34,0,1,0
BRDA:34,1,0,0
BRDA:34,1,1,0
BRF:4
BRH:0
end_of_record
TN:
SF:src/services/slices/ingredientCatalogSlice.ts
FN:27,(anonymous_0)
FN:29,(anonymous_1)
FN:33,(anonymous_2)
FN:37,(anonymous_3)
FN:45,(anonymous_4)
FNF:5
FNH:3
FNDA:1,(anonymous_0)
FNDA:1,(anonymous_1)
FNDA:0,(anonymous_2)
FNDA:1,(anonymous_3)
FNDA:0,(anonymous_4)
DA:1,1
DA:2,1
DA:12,1
DA:18,1
DA:23,1
DA:28,1
DA:30,1
DA:31,1
DA:34,0
DA:35,0
DA:38,1
DA:39,1
DA:40,1
DA:45,1
DA:46,0
DA:48,1
LF:16
LH:13
BRDA:31,0,0,1
BRDA:31,0,1,0
BRDA:31,1,0,1
BRDA:31,1,1,1
BRF:4
BRH:3
end_of_record
TN:
SF:src/services/slices/orderSearchSlice.ts
FN:23,(anonymous_0)
FN:30,(anonymous_1)
FN:32,(anonymous_2)
FN:36,(anonymous_3)
FN:40,(anonymous_4)
FN:48,(anonymous_5)
FNF:6
FNH:3
FNDA:0,(anonymous_0)
FNDA:2,(anonymous_1)
FNDA:0,(anonymous_2)
FNDA:2,(anonymous_3)
FNDA:2,(anonymous_4)
FNDA:0,(anonymous_5)
DA:1,2
DA:2,2
DA:13,2
DA:21,2
DA:23,0
DA:26,2
DA:31,2
DA:33,0
DA:34,0
DA:37,2
DA:38,2
DA:41,2
DA:42,2
DA:43,2
DA:48,2
DA:50,0
DA:52,2
LF:17
LH:13
BRDA:34,0,0,0
BRDA:34,0,1,0
BRDA:34,1,0,0
BRDA:34,1,1,0
BRF:4
BRH:0
end_of_record
TN:
SF:src/services/slices/ordersSlice.ts
FN:27,(anonymous_0)
FN:29,(anonymous_1)
FN:33,(anonymous_2)
FN:37,(anonymous_3)
FN:44,(anonymous_4)
FNF:5
FNH:3
FNDA:1,(anonymous_0)
FNDA:1,(anonymous_1)
FNDA:0,(anonymous_2)
FNDA:1,(anonymous_3)
FNDA:0,(anonymous_4)
DA:1,1
DA:3,1
DA:12,1
DA:18,1
DA:23,1
DA:28,1
DA:30,1
DA:31,1
DA:34,0
DA:35,0
DA:38,1
DA:39,1
DA:44,1
DA:45,1
LF:14
LH:12
BRDA:31,0,0,1
BRDA:31,0,1,0
BRDA:31,1,0,1
BRDA:31,1,1,1
BRF:4
BRH:3
end_of_record
TN:
SF:src/services/slices/userSlice.ts
FN:41,(anonymous_13)
FN:66,(anonymous_16)
FN:66,(anonymous_17)
FN:76,(anonymous_19)
FN:76,(anonymous_20)
FN:84,(anonymous_22)
FN:94,(anonymous_25)
FN:97,(anonymous_26)
FN:100,(anonymous_27)
FN:107,(anonymous_28)
FN:108,(anonymous_29)
FN:110,(anonymous_30)
FN:112,(anonymous_31)
FN:117,(anonymous_32)
FN:125,(anonymous_33)
FN:131,(anonymous_34)
FN:137,(anonymous_35)
FN:142,(anonymous_36)
FN:148,(anonymous_37)
FN:153,(anonymous_38)
FN:158,(anonymous_39)
FN:164,(anonymous_40)
FN:168,(anonymous_41)
FN:173,(anonymous_42)
FN:177,(anonymous_43)
FN:184,(anonymous_44)
FN:190,(anonymous_45)
FN:197,(anonymous_46)
FN:201,(anonymous_47)
FN:205,(anonymous_48)
FNF:30
FNH:4
FNDA:0,(anonymous_13)
FNDA:0,(anonymous_16)
FNDA:0,(anonymous_17)
FNDA:0,(anonymous_19)
FNDA:0,(anonymous_20)
FNDA:0,(anonymous_22)
FNDA:0,(anonymous_25)
FNDA:0,(anonymous_26)
FNDA:0,(anonymous_27)
FNDA:0,(anonymous_28)
FNDA:0,(anonymous_29)
FNDA:1,(anonymous_30)
FNDA:1,(anonymous_31)
FNDA:0,(anonymous_32)
FNDA:0,(anonymous_33)
FNDA:0,(anonymous_34)
FNDA:0,(anonymous_35)
FNDA:0,(anonymous_36)
FNDA:1,(anonymous_37)
FNDA:0,(anonymous_38)
FNDA:0,(anonymous_39)
FNDA:0,(anonymous_40)
FNDA:0,(anonymous_41)
FNDA:0,(anonymous_42)
FNDA:0,(anonymous_43)
FNDA:0,(anonymous_44)
FNDA:1,(anonymous_45)
FNDA:0,(anonymous_46)
FNDA:0,(anonymous_47)
FNDA:0,(anonymous_48)
DA:1,1
DA:11,1
DA:13,1
DA:27,1
DA:39,1
DA:41,0
DA:42,0
DA:44,0
DA:45,0
DA:49,0
DA:50,0
DA:53,0
DA:55,0
DA:57,0
DA:60,0
DA:64,1
DA:66,0
DA:69,1
DA:74,1
DA:76,0
DA:79,1
DA:84,1
DA:85,0
DA:86,0
DA:87,0
DA:90,1
DA:95,0
DA:98,0
DA:101,0
DA:102,0
DA:103,0
DA:107,0
DA:108,0
DA:111,1
DA:113,1
DA:114,1
DA:115,1
DA:118,0
DA:119,0
DA:120,0
DA:121,0
DA:122,0
DA:123,0
DA:126,0
DA:127,0
DA:128,0
DA:129,0
DA:132,0
DA:133,0
DA:134,0
DA:135,0
DA:138,0
DA:139,0
DA:140,0
DA:143,0
DA:144,0
DA:145,0
DA:146,0
DA:149,1
DA:150,1
DA:151,1
DA:154,0
DA:155,0
DA:156,0
DA:159,0
DA:160,0
DA:161,0
DA:162,0
DA:165,0
DA:166,0
DA:169,0
DA:170,0
DA:171,0
DA:174,0
DA:175,0
DA:178,0
DA:179,0
DA:180,0
DA:181,0
DA:185,0
DA:186,0
DA:187,0
DA:188,0
DA:191,1
DA:192,1
DA:193,1
DA:194,1
DA:195,1
DA:198,0
DA:199,0
DA:202,0
DA:203,0
DA:206,0
DA:207,0
DA:208,0
DA:213,1
DA:214,1
DA:215,1
LF:98
LH:26
BRDA:42,0,0,0
BRDA:44,1,0,0
BRDA:55,2,0,0
BRDA:66,3,0,0
BRDA:66,3,1,0
BRDA:85,4,0,0
BRF:6
BRH:0
end_of_record
