TN:
SF:src\services\slices\authSlice.ts
FN:33,(anonymous_13)
FN:33,(anonymous_14)
FN:38,(anonymous_16)
FN:48,(anonymous_19)
FN:58,(anonymous_22)
FN:62,(anonymous_23)
FN:64,(anonymous_24)
FN:70,(anonymous_25)
FN:75,(anonymous_26)
FN:82,(anonymous_27)
FN:87,(anonymous_28)
FN:92,(anonymous_29)
FN:99,(anonymous_30)
FN:109,(anonymous_31)
FN:111,(anonymous_32)
FN:113,(anonymous_33)
FNF:16
FNH:5
FNDA:0,(anonymous_13)
FNDA:0,(anonymous_14)
FNDA:0,(anonymous_16)
FNDA:0,(anonymous_19)
FNDA:1,(anonymous_22)
FNDA:1,(anonymous_23)
FNDA:1,(anonymous_24)
FNDA:1,(anonymous_25)
FNDA:0,(anonymous_26)
FNDA:0,(anonymous_27)
FNDA:0,(anonymous_28)
FNDA:0,(anonymous_29)
FNDA:1,(anonymous_30)
FNDA:0,(anonymous_31)
FNDA:0,(anonymous_32)
FNDA:0,(anonymous_33)
DA:1,1
DA:2,1
DA:9,1
DA:22,1
DA:31,1
DA:33,0
DA:36,1
DA:38,0
DA:39,0
DA:40,0
DA:41,0
DA:42,0
DA:44,0
DA:48,1
DA:49,0
DA:50,0
DA:51,0
DA:54,1
DA:59,1
DA:63,1
DA:65,1
DA:66,1
DA:67,1
DA:68,1
DA:71,1
DA:72,1
DA:73,1
DA:76,0
DA:77,0
DA:78,0
DA:79,0
DA:80,0
DA:83,0
DA:84,0
DA:85,0
DA:88,0
DA:89,0
DA:90,0
DA:93,0
DA:94,0
DA:95,0
DA:96,0
DA:97,0
DA:100,1
DA:101,1
DA:102,1
DA:103,1
DA:108,1
DA:109,1
DA:111,1
DA:113,1
DA:114,1
LF:52
LH:26
BRDA:33,0,0,0
BRDA:33,0,1,0
BRDA:39,1,0,0
BRDA:40,2,0,0
BRDA:49,3,0,0
BRF:5
BRH:0
end_of_record
TN:
SF:src\services\slices\burgerCreationSlice.ts
FN:34,(anonymous_15)
FN:34,(anonymous_16)
FN:37,(anonymous_18)
FN:52,(anonymous_19)
FN:59,(anonymous_20)
FN:63,(anonymous_21)
FN:65,(anonymous_22)
FN:68,(anonymous_23)
FN:71,(anonymous_24)
FN:74,(anonymous_25)
FN:77,(anonymous_26)
FN:81,(anonymous_27)
FN:83,(anonymous_28)
FN:88,(anonymous_29)
FN:93,(anonymous_30)
FN:115,(anonymous_31)
FNF:16
FNH:7
FNDA:0,(anonymous_15)
FNDA:0,(anonymous_16)
FNDA:1,(anonymous_18)
FNDA:2,(anonymous_19)
FNDA:2,(anonymous_20)
FNDA:1,(anonymous_21)
FNDA:1,(anonymous_22)
FNDA:0,(anonymous_23)
FNDA:1,(anonymous_24)
FNDA:0,(anonymous_25)
FNDA:0,(anonymous_26)
FNDA:1,(anonymous_27)
FNDA:0,(anonymous_28)
FNDA:0,(anonymous_29)
FNDA:0,(anonymous_30)
FNDA:0,(anonymous_31)
DA:1,1
DA:2,1
DA:21,1
DA:32,1
DA:34,0
DA:37,1
DA:42,1
DA:43,1
DA:44,1
DA:47,1
DA:53,2
DA:54,1
DA:56,1
DA:59,2
DA:64,1
DA:65,1
DA:69,0
DA:72,1
DA:75,0
DA:78,0
DA:82,1
DA:84,0
DA:85,0
DA:86,0
DA:89,0
DA:90,0
DA:91,0
DA:94,0
DA:95,0
DA:96,0
DA:97,0
DA:98,0
DA:107,1
DA:115,1
DA:117,0
DA:119,1
LF:36
LH:20
BRDA:42,0,0,0
BRDA:42,1,0,1
BRDA:42,1,1,1
BRDA:53,2,0,1
BRDA:53,2,1,1
BRDA:86,3,0,0
BRDA:86,3,1,0
BRDA:86,4,0,0
BRDA:86,4,1,0
BRF:9
BRH:4
end_of_record
TN:
SF:src\services\slices\currentOrdersSlice.ts
FN:30,(anonymous_0)
FN:32,(anonymous_1)
FN:36,(anonymous_2)
FN:40,(anonymous_3)
FN:50,(anonymous_4)
FNF:5
FNH:3
FNDA:1,(anonymous_0)
FNDA:0,(anonymous_1)
FNDA:1,(anonymous_2)
FNDA:1,(anonymous_3)
FNDA:0,(anonymous_4)
DA:1,1
DA:2,1
DA:13,1
DA:21,1
DA:26,1
DA:31,1
DA:33,0
DA:34,0
DA:37,1
DA:38,1
DA:41,1
DA:42,1
DA:43,1
DA:44,1
DA:45,1
DA:50,1
DA:52,0
DA:54,1
LF:18
LH:15
BRDA:34,0,0,0
BRDA:34,0,1,0
BRDA:34,1,0,0
BRDA:34,1,1,0
BRF:4
BRH:0
end_of_record
TN:
SF:src\services\slices\ingredientCatalogSlice.ts
FN:27,(anonymous_0)
FN:29,(anonymous_1)
FN:33,(anonymous_2)
FN:37,(anonymous_3)
FN:45,(anonymous_4)
FNF:5
FNH:3
FNDA:1,(anonymous_0)
FNDA:1,(anonymous_1)
FNDA:0,(anonymous_2)
FNDA:1,(anonymous_3)
FNDA:0,(anonymous_4)
DA:1,1
DA:2,1
DA:12,1
DA:18,1
DA:23,1
DA:28,1
DA:30,1
DA:31,1
DA:34,0
DA:35,0
DA:38,1
DA:39,1
DA:40,1
DA:45,1
DA:46,0
DA:48,1
LF:16
LH:13
BRDA:31,0,0,1
BRDA:31,0,1,0
BRDA:31,1,0,1
BRDA:31,1,1,1
BRF:4
BRH:3
end_of_record
TN:
SF:src\services\slices\orderSearchSlice.ts
FN:23,(anonymous_0)
FN:30,(anonymous_1)
FN:32,(anonymous_2)
FN:36,(anonymous_3)
FN:40,(anonymous_4)
FN:48,(anonymous_5)
FNF:6
FNH:3
FNDA:0,(anonymous_0)
FNDA:1,(anonymous_1)
FNDA:0,(anonymous_2)
FNDA:1,(anonymous_3)
FNDA:1,(anonymous_4)
FNDA:0,(anonymous_5)
DA:1,1
DA:2,1
DA:13,1
DA:21,1
DA:23,0
DA:26,1
DA:31,1
DA:33,0
DA:34,0
DA:37,1
DA:38,1
DA:41,1
DA:42,1
DA:43,1
DA:48,1
DA:50,0
DA:52,1
LF:17
LH:13
BRDA:34,0,0,0
BRDA:34,0,1,0
BRDA:34,1,0,0
BRDA:34,1,1,0
BRF:4
BRH:0
end_of_record
TN:
SF:src\services\slices\ordersSlice.ts
FN:27,(anonymous_0)
FN:29,(anonymous_1)
FN:33,(anonymous_2)
FN:37,(anonymous_3)
FN:44,(anonymous_4)
FNF:5
FNH:3
FNDA:1,(anonymous_0)
FNDA:1,(anonymous_1)
FNDA:0,(anonymous_2)
FNDA:1,(anonymous_3)
FNDA:0,(anonymous_4)
DA:1,1
DA:3,1
DA:12,1
DA:18,1
DA:23,1
DA:28,1
DA:30,1
DA:31,1
DA:34,0
DA:35,0
DA:38,1
DA:39,1
DA:44,1
DA:45,1
LF:14
LH:12
BRDA:31,0,0,1
BRDA:31,0,1,0
BRDA:31,1,0,1
BRDA:31,1,1,1
BRF:4
BRH:3
end_of_record
TN:
SF:src\services\slices\userSlice.ts
FN:41,(anonymous_13)
FN:54,(anonymous_16)
FN:54,(anonymous_17)
FN:64,(anonymous_19)
FN:64,(anonymous_20)
FN:72,(anonymous_22)
FN:82,(anonymous_25)
FN:85,(anonymous_26)
FN:90,(anonymous_27)
FN:91,(anonymous_28)
FN:93,(anonymous_29)
FN:95,(anonymous_30)
FN:100,(anonymous_31)
FN:108,(anonymous_32)
FN:114,(anonymous_33)
FN:120,(anonymous_34)
FN:125,(anonymous_35)
FN:131,(anonymous_36)
FN:138,(anonymous_37)
FN:143,(anonymous_38)
FN:149,(anonymous_39)
FN:153,(anonymous_40)
FN:158,(anonymous_41)
FN:162,(anonymous_42)
FN:169,(anonymous_43)
FN:175,(anonymous_44)
FN:182,(anonymous_45)
FN:186,(anonymous_46)
FN:190,(anonymous_47)
FNF:29
FNH:4
FNDA:0,(anonymous_13)
FNDA:0,(anonymous_16)
FNDA:0,(anonymous_17)
FNDA:0,(anonymous_19)
FNDA:0,(anonymous_20)
FNDA:0,(anonymous_22)
FNDA:0,(anonymous_25)
FNDA:0,(anonymous_26)
FNDA:0,(anonymous_27)
FNDA:0,(anonymous_28)
FNDA:1,(anonymous_29)
FNDA:1,(anonymous_30)
FNDA:0,(anonymous_31)
FNDA:0,(anonymous_32)
FNDA:0,(anonymous_33)
FNDA:0,(anonymous_34)
FNDA:0,(anonymous_35)
FNDA:1,(anonymous_36)
FNDA:0,(anonymous_37)
FNDA:0,(anonymous_38)
FNDA:0,(anonymous_39)
FNDA:0,(anonymous_40)
FNDA:0,(anonymous_41)
FNDA:0,(anonymous_42)
FNDA:0,(anonymous_43)
FNDA:1,(anonymous_44)
FNDA:0,(anonymous_45)
FNDA:0,(anonymous_46)
FNDA:0,(anonymous_47)
DA:1,1
DA:11,1
DA:13,1
DA:27,1
DA:39,1
DA:41,0
DA:42,0
DA:43,0
DA:44,0
DA:46,0
DA:47,0
DA:48,0
DA:52,1
DA:54,0
DA:57,1
DA:62,1
DA:64,0
DA:67,1
DA:72,1
DA:73,0
DA:74,0
DA:75,0
DA:78,1
DA:83,0
DA:86,0
DA:90,0
DA:91,0
DA:94,1
DA:96,1
DA:97,1
DA:98,1
DA:101,0
DA:102,0
DA:103,0
DA:104,0
DA:105,0
DA:106,0
DA:109,0
DA:110,0
DA:111,0
DA:112,0
DA:115,0
DA:116,0
DA:117,0
DA:118,0
DA:121,0
DA:122,0
DA:123,0
DA:126,0
DA:127,0
DA:128,0
DA:129,0
DA:132,1
DA:133,1
DA:134,1
DA:135,1
DA:136,1
DA:139,0
DA:140,0
DA:141,0
DA:144,0
DA:145,0
DA:146,0
DA:147,0
DA:150,0
DA:151,0
DA:154,0
DA:155,0
DA:156,0
DA:159,0
DA:160,0
DA:163,0
DA:164,0
DA:165,0
DA:166,0
DA:170,0
DA:171,0
DA:172,0
DA:173,0
DA:176,1
DA:177,1
DA:178,1
DA:179,1
DA:180,1
DA:183,0
DA:184,0
DA:187,0
DA:188,0
DA:191,0
DA:192,0
DA:193,0
DA:198,1
DA:199,1
DA:200,1
LF:94
LH:28
BRDA:42,0,0,0
BRDA:43,1,0,0
BRDA:54,2,0,0
BRDA:54,2,1,0
BRDA:73,3,0,0
BRF:5
BRH:0
end_of_record
